Found and included: ../../../../../framework/peripheral/int/templates/int_SourceFlag_Default.h
Found and included: ../../../../../framework/peripheral/tmr/templates/tmr_CounterAsyncWriteInProgress_Unsupported.h
Found and included: ../../../../../third_party/rtos/FreeRTOS/Source/include/FreeRTOS.h
Found and included: ../../../../../framework/peripheral/peripheral_common_32bit.h
Found and included: ../../../../../framework/peripheral/tmr/templates/tmr_GateSinglePulseAcquisition_Unsupported.h
Found and included: ../../../../../framework/peripheral/tmr/templates/tmr_Period32Bit_In16BitRegister_pic32.h
Found and included: ../../../../../framework/peripheral/osc/templates/osc_PLLInputDivisor_Unsupported.h
Found and included: ../../../../../third_party/rtos/FreeRTOS/Source/portable/MPLAB/PIC32MX/portmacro.h
Found and included: ../../../../../framework/peripheral/pcache/processor/pcache_p32xxxx.h
Found and included: ../../../../../framework/peripheral/pcache/templates/pcache_CacheLineValid_Default.h
Found and included: ../../../../../framework/peripheral/int/templates/int_ProximityTimerEnable_Default.h
Found and included: ../../../../../framework/peripheral/int/templates/int_INTCPUVector_Default.h
Found and included: ../../../../../framework/peripheral/osc/templates/osc_FRCTuning_Default.h
Found and included: ../../../../../framework/peripheral/tmr/templates/tmr_StopInIdle_Default.h
Found and included: ../../../../../framework/system/common/sys_common.h
Found and included: ../../../../../framework/peripheral/osc/processor/osc_p32mx795f512l.h
Found and included: ../src/app.h
Found and included: ../../../../../framework/peripheral/pcache/templates/pcache_PrefetchEnable_Default.h
Found and included: ../../../../../framework/peripheral/ports/templates/ports_ChangeNoticePerPortTurnOn_Unsupported.h
Found and included: ../../../../../framework/peripheral/tmr/templates/tmr_Prescale_Default.h
Found and included: ../../../../../framework/peripheral/bmx/templates/bmx_BusExceptionDMA_Default.h
Found and included: ../../../../../framework/peripheral/osc/templates/osc_OscSelect_Default.h
Found and included: ../../../../../framework/peripheral/tmr/templates/tmr_CounterAsyncWriteInProgress_Default.h
Found and included: ../../../../../framework/peripheral/int/processor/int_p32mx795f512l.h
Found and included: ../../../../../framework/peripheral/bmx/templates/bmx_ProgramFlashMemorySize_Default.h
Found and included: ../../../../../framework/peripheral/osc/processor/osc_p32xxxx.h
Found and included: ../../../../../framework/peripheral/tmr/templates/tmr_Period16Bit_In16BitRegister.h
Found and included: ../../../../../framework/peripheral/pcache/templates/pcache_CacheLineMask_Default.h
Found and included: ../../../../../framework/peripheral/ports/templates/ports_RemapOutput_Unsupported.h
Found and included: ../../../../../framework/peripheral/ports/plib_ports.h
Found and included: ../src/system_config/pic32mx_sk/FreeRTOSConfig.h
Found and included: ../../../../../framework/peripheral/int/plib_int_private_pic32.h
Found and included: ../../../../../framework/peripheral/pcache/templates/pcache_FlashDEDStatus_Unsupported.h
Found and included: ../../../../../framework/peripheral/osc/templates/osc_ReferenceOscBaseClock_Unsupported.h
Found and included: ../../../../../framework/peripheral/osc/templates/osc_PLLOutputDivisor_Default.h
Found and included: ../../../../../framework/peripheral/osc/templates/osc_PBClockOutputEnable_Unsupported.h
Found and included: ../../../../../framework/peripheral/tmr/templates/tmr_GateCurrentState_Unsupported.h
Found and included: ../../../../../framework/peripheral/osc/templates/osc_ReferenceOscChangeActive_Unsupported.h
Found and included: ../../../../../framework/peripheral/bmx/templates/bmx_ArbitrationMode_Default.h
Found and included: ../../../../../framework/peripheral/osc/templates/osc_SecondaryEnable_Default.h
Found and included: ../../../../../framework/peripheral/tmr/templates/tmr_TimerOscillator_Unsupported.h
Found and included: ../../../../../framework/peripheral/pcache/templates/pcache_PrefetchAbort_Default.h
Found and included: ../../../../../framework/peripheral/pcache/templates/pcache_FlashSECCount_Unsupported.h
Found and included: ../../../../../framework/peripheral/osc/templates/osc_PBClockReady_Unsupported.h
Found and included: ../../../../../framework/peripheral/tmr/templates/tmr_TriggerEventReset_Unsupported.h
Found and included: ../../../../../framework/peripheral/int/templates/int_SingleVectorShadowSet_Default.h
Found and included: ../../../../../framework/peripheral/osc/templates/osc_PLLFrequencyRange_Unsupported.h
Found and included: ../../../../../framework/peripheral/tmr/templates/tmr_Mode8Bit_Unsupported.h
Found and included: ../../../../../framework/peripheral/peripheral_common.h
Found and included: ../../../../../framework/peripheral/bmx/processor/bmx_p32mx795f512l.h
Found and included: ../../../../../third_party/rtos/FreeRTOS/Source/include/list.h
Found and included: ../../../../../framework/peripheral/ports/templates/ports_ChangeNoticePullup_Default.h
Found and included: ../../../../../framework/peripheral/osc/processor/osc_processor.h
Found and included: ../../../../../framework/peripheral/tmr/templates/tmr_GateSinglePulseMode_Unsupported.h
Found and included: ../../../../../framework/peripheral/osc/templates/osc_ReferenceOscChange_Unsupported.h
Found and included: ../../../../../framework/peripheral/int/templates/int_Priority_Unsupported.h
Found and included: ../../../../../framework/peripheral/bmx/templates/bmx_BusExceptionData_Default.h
Found and included: ../../../../../third_party/rtos/FreeRTOS/Source/include/mpu_wrappers.h
Found and included: ../../../../../framework/system/system.h
Found and included: ../../../../../framework/peripheral/devcon/templates/devcon_JTAGEnable_Default.h
Found and included: ../../../../../framework/peripheral/osc/templates/osc_PLLClockLock_Default.h
Found and included: ../../../../../framework/peripheral/osc/templates/osc_ReferenceOscStopInIdleEnable_Unsupported.h
Found and included: ../../../../../framework/peripheral/tmr/templates/tmr_CounterAsyncWriteControl_Unsupported.h
Found and included: ../../../../../framework/peripheral/tmr/templates/tmr_Period32Bit_In16BitRegister_high.h
Found and included: ../../../../../framework/peripheral/ports/templates/ports_PortsDirection_MCU32.h
Found and included: ../../../../../framework/peripheral/tmr/templates/tmr_TimerOperationMode_Default.h
Found and included: ../../../../../framework/peripheral/bmx/templates/bmx_ProgramFlashMemoryCacheDma_Default.h
Found and included: ../../../../../framework/peripheral/tmr/templates/tmr_EnableControl_Default.h
Found and included: ../../../../../framework/peripheral/ports/templates/ports_ChangeNoticeInIdle_Default.h
Found and included: ../../../../../third_party/rtos/FreeRTOS/Source/portable/MPLAB/PIC32MX/ISR_Support.h
Found and included: ../../../../../framework/peripheral/bmx/templates/bmx_BusExceptionICD_Default.h
Found and included: ../../../../../framework/peripheral/bmx/templates/bmx_DataRAMSize_Default.h
Found and included: ../../../../../framework/peripheral/ports/templates/ports_PinChangeNoticePerPort_Unsupported.h
Found and included: ../src/system_config/pic32mx_sk/system_config.h
Found and included: ../../../../../framework/peripheral/int/processor/int_processor.h
Found and included: ../../../../../framework/peripheral/devcon/processor/devcon_p32mxxxxx.h
Found and included: ../../../../../third_party/rtos/FreeRTOS/Source/include/StackMacros.h
Found and included: ../../../../../framework/peripheral/bmx/plib_bmx.h
Found and included: ../../../../../framework/peripheral/int/templates/int_CPUCurrentPriorityLevel_Default.h
Found and included: ../../../../../framework/peripheral/tmr/processor/tmr_p32mx795f512l.h
Found and included: ../../../../../framework/peripheral/tmr/templates/tmr_GateToggleMode_Unsupported.h
Found and included: ../../../../../framework/peripheral/int/templates/int_INTNesting_Unsupported.h
Found and included: ../../../../../framework/peripheral/osc/plib_osc.h
Found and included: ../../../../../framework/peripheral/osc/templates/osc_FRCDivisor_Default.h
Found and included: ../../../../../framework/peripheral/osc/templates/osc_ReferenceOscTrim_Unsupported.h
Found and included: ../../../../../third_party/rtos/FreeRTOS/Source/include/semphr.h
Found and included: ../../../../../framework/peripheral/osc/templates/osc_ReferenceOscEnable_Unsupported.h
Found and included: ../../../../../framework/peripheral/int/templates/int_EnableControl_PIC32.h
Found and included: ../../../../../framework/peripheral/pcache/templates/pcache_CacheLineAddr_Default.h
Found and included: ../../../../../framework/peripheral/devcon/templates/devcon_DeviceRegsLockUnlock_Unsupported.h
Found and included: ../../../../../framework/peripheral/bmx/processor/bmx_p32xxxx.h
Found and included: ../../../../../framework/peripheral/devcon/templates/devcon_JTAGUsesTDO_Default.h
Found and included: ../../../../../framework/peripheral/pcache/templates/pcache_FlashSECInt_Unsupported.h
Found and included: ../../../../../framework/peripheral/int/templates/int_VectorSelect_Default.h
Found and included: ../../../../../framework/peripheral/int/templates/int_LowPriority_Unsupported.h
Found and included: ../../../../../third_party/rtos/FreeRTOS/Source/include/projdefs.h
Found and included: ../../../../../framework/peripheral/tmr/templates/tmr_Counter32Bit_In16BitRegister.h
Found and included: ../../../../../framework/peripheral/ports/templates/ports_PortsWrite_MCU32.h
Found and included: ../../../../../framework/peripheral/tmr/processor/tmr_p32xxxx.h
Found and included: ../../../../../framework/system/devcon/src/sys_devcon_local.h
Found and included: ../../../../../third_party/rtos/FreeRTOS/Source/include/task.h
Found and included: ../../../../../framework/peripheral/tmr/templates/tmr_GatedTimeAccumulation_Default.h
Found and included: ../../../../../framework/peripheral/int/plib_int.h
Found and included: ../../../../../framework/peripheral/osc/templates/osc_UsbClockSource_Default.h
Found and included: ../../../../../framework/peripheral/osc/templates/osc_ReferenceOscDivisor_Unsupported.h
Found and included: ../../../../../framework/peripheral/bmx/templates/bmx_DataRAMPartition_Default.h
Found and included: ../../../../../framework/peripheral/devcon/processor/devcon_p32mx795f512l.h
Found and included: ../../../../../framework/peripheral/tmr/templates/tmr_PrescalerControl_Unsupported.h
Found and included: ../../../../../framework/peripheral/osc/templates/osc_ClockFail_Default.h
Found and included: ../../../../../framework/peripheral/pcache/templates/pcache_LeastRecentlyUsedState_Default.h
Found and included: ../../../../../framework/peripheral/tmr/templates/tmr_ClockSourceEdge_Unsupported.h
Found and included: ../../../../../framework/peripheral/devcon/templates/devcon_SysLockUnlock_Default.h
Found and included: ../../../../../framework/peripheral/osc/templates/osc_PLLMultiplier_PIC32_1.h
Found and included: ../../../../../framework/peripheral/int/templates/int_ProximityTimerControl_Default.h
Found and included: ../../../../../framework/peripheral/int/templates/int_AlternateVectorTable_Unsupported.h
Found and included: ../../../../../third_party/rtos/FreeRTOS/Source/include/croutine.h
Found and included: ../../../../../framework/peripheral/ports/templates/ports_PortsOpenDrain_MCU32.h
Found and included: ../../../../../framework/peripheral/ports/templates/ports_PinMode_Non_PPS.h
Found and included: ../../../../../framework/peripheral/osc/templates/osc_SecondaryReady_Default.h
Found and included: ../../../../../framework/peripheral/devcon/templates/devcon_TraceOutput_Default.h
Found and included: ../../../../../framework/system/int/sys_int_mapping.h
Found and included: ../../../../../framework/peripheral/pcache/templates/pcache_WaitState_Default.h
Found and included: ../../../../../framework/peripheral/ports/templates/ports_PinChangeNotice_Default.h
Found and included: ../../../../../framework/peripheral/ports/templates/ports_ChangeNotice_Default.h
Found and included: ../../../../../framework/peripheral/devcon/plib_devcon.h
Found and included: ../../../../../framework/peripheral/osc/templates/osc_PBClockDivisor_PIC32_1.h
Found and included: ../../../../../framework/peripheral/tmr/templates/tmr_Period32Bit_Unsupported.h
Found and included: ../../../../../framework/peripheral/devcon/processor/devcon_processor.h
Found and included: ../../../../../framework/peripheral/devcon/templates/devcon_AlternateClock_Unsupported.h
Found and included: ../../../../../framework/peripheral/pcache/templates/pcache_CacheLineLock_Default.h
Found and included: ../../../../../framework/peripheral/tmr/templates/tmr_Mode32Bit_Default.h
Found and included: ../../../../../framework/peripheral/pcache/templates/pcache_InvalidateOnPFMProgram_Default.h
Found and included: ../../../../../framework/peripheral/ports/processor/ports_p32mx795f512l.h
Found and included: ../../../../../framework/peripheral/pcache/templates/pcache_CacheLineFlashType_Default.h
Found and included: ../../../../../framework/peripheral/tmr/plib_tmr.h
Found and included: ../../../../../framework/peripheral/osc/templates/osc_PLLInputClockSource_Unsupported.h
Found and included: ../../../../../framework/peripheral/pcache/templates/pcache_CacheLineSelect_Default.h
Found and included: ../../../../../framework/peripheral/bmx/templates/bmx_ProgramFlashBootSize_Default.h
Found and included: ../../../../../framework/system/int/sys_int.h
Found and included: ../../../../../framework/peripheral/bmx/templates/bmx_BusExceptionIXI_Default.h
Found and included: ../../../../../framework/peripheral/int/templates/int_SourceControl_Default.h
Found and included: ../../../../../framework/peripheral/ports/templates/ports_RemapInput_Unsupported.h
Found and included: ../../../../../third_party/rtos/FreeRTOS/Source/include/queue.h
Found and included: ../../../../../framework/peripheral/tmr/templates/tmr_GatePolarity_Unsupported.h
Found and included: ../../../../../framework/peripheral/tmr/templates/tmr_TimerAssignment_Unsupported.h
Found and included: ../../../../../framework/peripheral/ports/templates/ports_PortsRead_MCU32.h
Found and included: ../../../../../framework/peripheral/pcache/templates/pcache_CacheMiss_Default.h
Found and included: ../../../../../framework/peripheral/int/processor/int_p32xxxx.h
Found and included: ../../../../../framework/peripheral/bmx/templates/bmx_BusExceptionInstruction_Default.h
Found and included: ../../../../../framework/peripheral/devcon/templates/devcon_IgnoreDebugFreeze_Unsupported.h
Found and included: ../../../../../framework/peripheral/tmr/templates/tmr_Counter32Bit_In16BitRegister_high.h
Found and included: ../../../../../framework/peripheral/tmr/templates/tmr_Counter8bit_Unsupported.h
Found and included: ../../../../../framework/peripheral/bmx/templates/bmx_ProgramFlashPartition_Default.h
Found and included: ../../../../../framework/peripheral/devcon/templates/devcon_ECCModes_Unsupported.h
Found and included: ../../../../../framework/peripheral/pcache/templates/pcache_CacheHit_Default.h
Found and included: ../../../../../framework/peripheral/tmr/templates/tmr_OperationInSleep_Unsupported.h
Found and included: ../../../../../framework/peripheral/ports/templates/ports_ChangeNoticePullDownPerPort_Unsupported.h
Found and included: ../../../../../framework/peripheral/pcache/templates/pcache_FlashSECStatus_Unsupported.h
Found and included: ../../../../../framework/peripheral/tmr/templates/tmr_Mode32Bit_Unsupported.h
Found and included: ../../../../../framework/peripheral/pcache/templates/pcache_Word_Default.h
Found and included: ../../../../../framework/peripheral/ports/processor/ports_processor.h
Found and included: ../../../../../framework/peripheral/tmr/templates/tmr_ClockSourceSync_Unsupported.h
Found and included: ../../../../../bsp/sk_pic32_mx_usb/bsp_config.h
Found and included: ../../../../../framework/peripheral/int/templates/int_HighPriority_Unsupported.h
Found and included: ../../../../../framework/peripheral/tmr/templates/tmr_ClockSource_Default.h
Found and included: ../../../../../framework/peripheral/pcache/plib_pcache.h
Found and included: ../../../../../framework/peripheral/tmr/templates/tmr_CountMode_Unsupported.h
Found and included: ../../../../../framework/peripheral/pcache/templates/pcache_CacheLineType_Default.h
Found and included: ../../../../../framework/peripheral/osc/templates/osc_OscCurrentGet_Default.h
Found and included: ../../../../../framework/peripheral/int/templates/int_INTCPUPriority_Default.h
Found and included: ../../../../../framework/peripheral/tmr/templates/tmr_SystemClockStatus_Unsupported.h
Found and included: ../../../../../framework/peripheral/ports/processor/ports_p32xxxx.h
Found and included: ../../../../../framework/peripheral/tmr/templates/tmr_Counter16Bit_In16BitRegister.h
Found and included: ../../../../../framework/peripheral/tmr/templates/tmr_Period8Bit_Unsupported.h
Found and included: ../../../../../framework/peripheral/bmx/templates/bmx_DataRamWaitState_Default.h
Found and included: ../../../../../framework/peripheral/devcon/templates/devcon_USB_PHY_SleepModeSet_Unsupported.h
Found and included: ../../../../../framework/system/common/sys_module.h
Found and included: ../../../../../framework/peripheral/tmr/templates/tmr_Counter32Bit_Unsupported.h
Found and included: ../../../../../framework/peripheral/tmr/processor/tmr_processor.h
Found and included: ../../../../../framework/peripheral/bmx/processor/bmx_processor.h
Found and included: ../../../../../framework/system/devcon/sys_devcon.h
Found and included: ../../../../../framework/peripheral/int/templates/int_VectorPriority_Default.h
Found and included: ../../../../../framework/peripheral/pcache/templates/pcache_DataCacheEnable_Default.h
Found and included: ../../../../../framework/peripheral/tmr/templates/tmr_Mode16Bit_Unsupported.h
Found and included: ../../../../../framework/peripheral/osc/templates/osc_OnWaitAction_Default.h
Found and included: ../../../../../framework/peripheral/osc/templates/osc_OscSwitchInit_Default.h
Found and included: ../../../../../framework/peripheral/osc/templates/osc_ReferenceOscStopInSleep_Unsupported.h
Found and included: ../../../../../framework/peripheral/osc/templates/osc_ReferenceOutputEnable_Unsupported.h
Found and included: ../../../../../framework/peripheral/osc/templates/osc_PLLLockStatus_Default.h
Found and included: ../../../../../framework/peripheral/int/templates/int_ExternalINTEdgeSelect_Default.h
Found and included: ../../../../../framework/peripheral/ports/templates/ports_ChangeNoticePullUpPerPort_Unsupported.h
Found and included: ../../../../../framework/peripheral/int/templates/int_PeripheralControl_Unsupported.h
Found and included: ../../../../../framework/peripheral/ports/templates/ports_PinModePerPort_Unsupported.h
Found and included: ../../../../../framework/peripheral/tmr/templates/tmr_Mode16Bit_Default.h
Found and included: ../../../../../framework/peripheral/tmr/templates/tmr_ClockSourceSync_Inverted.h
Found and included: ../../../../../third_party/rtos/FreeRTOS/Source/include/timers.h
Found and included: ../../../../../framework/peripheral/int/templates/int_TrapSource_Unsupported.h
Found and included: ../../../../../framework/peripheral/pcache/processor/pcache_processor.h
Found and included: ../../../../../framework/peripheral/devcon/templates/devcon_DeviceVerAndId_Default.h
Found and included: ../../../../../framework/peripheral/ports/templates/ports_ChangeNoticeInIdlePerPort_Unsupported.h
Found and included: ../../../../../framework/peripheral/pcache/processor/pcache_p32mx795f512l.h
Found and included: ../../../../../framework/peripheral/ports/templates/ports_ChangeNoticePerPortStatus_Unsupported.h
Found and included: ../../../../../framework/peripheral/tmr/templates/tmr_GateSource_Unsupported.h
Found and included: ../../../../../third_party/rtos/FreeRTOS/Source/include/portable.h
Found and included: ../../../../../framework/peripheral/tmr/templates/tmr_CounterAsyncWriteControl_Default.h
Found and included: ../../../../../framework/peripheral/tmr/templates/tmr_Postscale_Unsupported.h
